<?xml version="1.0" encoding="UTF-8"?>
<TestRun id="51677d36-b747-4982-b5d7-f1accca1cedb" name="arash@ARASH-PC 2012-07-08 01:12:45" runUser="arash-PC\arash" xmlns="http://microsoft.com/schemas/VisualStudio/TeamTest/2010">
  <TestSettings name="Local" id="c45aef70-0bdc-43cd-917f-d3009ad54e84">
    <Description>These are default test settings for a local test run.</Description>
    <Deployment enabled="false" runDeploymentRoot="arash_ARASH-PC 2012-07-08 01_12_45">
      <DeploymentItem filename="D:\Blog\Projects\MVCTreeViewControl\MVCTreeViewControl\bin\MVCTreeViewControl.dll" />
    </Deployment>
    <Execution>
      <TestTypeSpecific />
      <AgentRule name="Execution Agents">
      </AgentRule>
    </Execution>
  </TestSettings>
  <Times creation="2012-07-08T01:12:45.8089179+04:30" queuing="2012-07-08T01:12:46.0509317+04:30" start="2012-07-08T01:12:46.0989345+04:30" finish="2012-07-08T01:12:46.7059692+04:30" />
  <ResultSummary outcome="Completed">
    <Counters total="1" executed="1" passed="1" error="0" failed="0" timeout="0" aborted="0" inconclusive="0" passedButRunAborted="0" notRunnable="0" notExecuted="0" disconnected="0" warning="0" completed="0" inProgress="0" pending="0" />
  </ResultSummary>
  <TestDefinitions>
    <UnitTest name="GenerateSampleData" storage="d:\blog\projects\mvctreeviewcontrol\mvctreeviewcontrol.test\bin\debug\mvctreeviewcontrol.test.dll" id="257efcc7-763c-a259-e74a-72abc06fad30">
      <Execution id="37ccd1b2-6e45-4962-af7b-26bc73bf2bba" />
      <TestMethod codeBase="D:/Blog/Projects/MVCTreeViewControl/MVCTreeViewControl.Test/bin/Debug/MVCTreeViewControl.Test.DLL" adapterTypeName="Microsoft.VisualStudio.TestTools.TestTypes.Unit.UnitTestAdapter, Microsoft.VisualStudio.QualityTools.Tips.UnitTest.Adapter, Version=10.0.0.0, Culture=neutral, PublicKeyToken=b03f5f7f11d50a3a" className="MVCTreeViewControl.Test.UnitTest1, MVCTreeViewControl.Test, Version=1.0.0.0, Culture=neutral, PublicKeyToken=null" name="GenerateSampleData" />
    </UnitTest>
  </TestDefinitions>
  <TestLists>
    <TestList name="Results Not in a List" id="8c84fa94-04c1-424b-9868-57a2d4851a1d" />
    <TestList name="All Loaded Results" id="19431567-8539-422a-85d7-44ee4e166bda" />
  </TestLists>
  <TestEntries>
    <TestEntry testId="257efcc7-763c-a259-e74a-72abc06fad30" executionId="37ccd1b2-6e45-4962-af7b-26bc73bf2bba" testListId="8c84fa94-04c1-424b-9868-57a2d4851a1d" />
  </TestEntries>
  <Results>
    <UnitTestResult executionId="37ccd1b2-6e45-4962-af7b-26bc73bf2bba" testId="257efcc7-763c-a259-e74a-72abc06fad30" testName="GenerateSampleData" computerName="ARASH-PC" duration="00:00:00.0622535" startTime="2012-07-08T01:12:46.1299363+04:30" endTime="2012-07-08T01:12:46.6649669+04:30" testType="13cdc9d9-ddb5-4fa4-a97d-d965ccfc6d4b" outcome="Passed" testListId="8c84fa94-04c1-424b-9868-57a2d4851a1d" relativeResultsDirectory="37ccd1b2-6e45-4962-af7b-26bc73bf2bba">
    </UnitTestResult>
  </Results>
</TestRun>